2018-02-25T09:10:43+01:00	[WARN]	[[Exception] exception 'Zend_View_Exception' with message 'script 'register/gdpr.phtml' not found in path (views/scripts/_layouts/:views/scripts/content_templates/:views/scripts/page_templates/:./views/scripts/)' in /storage/web/www.nextforce.cz/www/gdpr/library/Zend/View/Abstract.php:988
Stack trace:
#0 /storage/web/www.nextforce.cz/www/gdpr/library/Zend/View/Abstract.php(884): Zend_View_Abstract->_script('register/gdpr.p...')
#1 /storage/web/www.nextforce.cz/www/gdpr/library/Zend/Controller/Action/Helper/ViewRenderer.php(900): Zend_View_Abstract->render('register/gdpr.p...')
#2 /storage/web/www.nextforce.cz/www/gdpr/library/Zend/Controller/Action/Helper/ViewRenderer.php(921): Zend_Controller_Action_Helper_ViewRenderer->renderScript('register/gdpr.p...', NULL)
#3 /storage/web/www.nextforce.cz/www/gdpr/library/Zend/Controller/Action/Helper/ViewRenderer.php(960): Zend_Controller_Action_Helper_ViewRenderer->render()
#4 /storage/web/www.nextforce.cz/www/gdpr/library/Zend/Controller/Action/HelperBroker.php(277): Zend_Controller_Action_Helper_ViewRenderer->postDispatch()
#5 /storage/web/www.nextforce.cz/www/gdpr/library/Zend/Controller/Action.php(527): Zend_Controller_Action_HelperBroker->notifyPostDispatch()
#6 /storage/web/www.nextforce.cz/www/gdpr/library/Zend/Controller/Dispatcher/Standard.php(295): Zend_Controller_Action->dispatch('gdprAction')
#7 /storage/web/www.nextforce.cz/www/gdpr/library/Zend/Controller/Front.php(954): Zend_Controller_Dispatcher_Standard->dispatch(Object(Zend_Controller_Request_Http), Object(Zend_Controller_Response_Http))
#8 /storage/web/www.nextforce.cz/www/gdpr/index.php(155): Zend_Controller_Front->dispatch()
#9 {main}
PHP Stack trace:
#0 --(--): Phc_ErrorLog->_errorHandler()
#1 /storage/web/www.nextforce.cz/www/gdpr/library/Phc/ErrorLog.php(101): trigger_error()
#2 /storage/web/www.nextforce.cz/www/gdpr/controllers/ErrorController.php(42): Phc_ErrorLog->warning()
#3 /storage/web/www.nextforce.cz/www/gdpr/library/Zend/Controller/Action.php(516): ErrorController->errorAction()
#4 /storage/web/www.nextforce.cz/www/gdpr/library/Zend/Controller/Dispatcher/Standard.php(295): Zend_Controller_Action->dispatch()
#5 /storage/web/www.nextforce.cz/www/gdpr/library/Zend/Controller/Front.php(954): Zend_Controller_Dispatcher_Standard->dispatch()
#6 /storage/web/www.nextforce.cz/www/gdpr/index.php(155): Zend_Controller_Front->dispatch()
 in /storage/web/www.nextforce.cz/www/gdpr/library/Phc/ErrorLog.php on line 101]	[/gdpr/]	[Mozilla/5.0 (Windows NT 10.0; Win64; x64) AppleWebKit/537.36 (KHTML, like Gecko) Chrome/64.0.3282.167 Safari/537.36]	[Inbox v3.8 r4073]

2018-02-25T09:11:16+01:00	[WARN]	[[Exception] exception 'Zend_View_Exception' with message 'script 'register/gdpr.phtml' not found in path (views/scripts/_layouts/:views/scripts/content_templates/:views/scripts/page_templates/:./views/scripts/)' in /storage/web/www.nextforce.cz/www/gdpr/library/Zend/View/Abstract.php:988
Stack trace:
#0 /storage/web/www.nextforce.cz/www/gdpr/library/Zend/View/Abstract.php(884): Zend_View_Abstract->_script('register/gdpr.p...')
#1 /storage/web/www.nextforce.cz/www/gdpr/library/Zend/Controller/Action/Helper/ViewRenderer.php(900): Zend_View_Abstract->render('register/gdpr.p...')
#2 /storage/web/www.nextforce.cz/www/gdpr/library/Zend/Controller/Action/Helper/ViewRenderer.php(921): Zend_Controller_Action_Helper_ViewRenderer->renderScript('register/gdpr.p...', NULL)
#3 /storage/web/www.nextforce.cz/www/gdpr/library/Zend/Controller/Action/Helper/ViewRenderer.php(960): Zend_Controller_Action_Helper_ViewRenderer->render()
#4 /storage/web/www.nextforce.cz/www/gdpr/library/Zend/Controller/Action/HelperBroker.php(277): Zend_Controller_Action_Helper_ViewRenderer->postDispatch()
#5 /storage/web/www.nextforce.cz/www/gdpr/library/Zend/Controller/Action.php(527): Zend_Controller_Action_HelperBroker->notifyPostDispatch()
#6 /storage/web/www.nextforce.cz/www/gdpr/library/Zend/Controller/Dispatcher/Standard.php(295): Zend_Controller_Action->dispatch('gdprAction')
#7 /storage/web/www.nextforce.cz/www/gdpr/library/Zend/Controller/Front.php(954): Zend_Controller_Dispatcher_Standard->dispatch(Object(Zend_Controller_Request_Http), Object(Zend_Controller_Response_Http))
#8 /storage/web/www.nextforce.cz/www/gdpr/index.php(155): Zend_Controller_Front->dispatch()
#9 {main}
PHP Stack trace:
#0 --(--): Phc_ErrorLog->_errorHandler()
#1 /storage/web/www.nextforce.cz/www/gdpr/library/Phc/ErrorLog.php(101): trigger_error()
#2 /storage/web/www.nextforce.cz/www/gdpr/controllers/ErrorController.php(42): Phc_ErrorLog->warning()
#3 /storage/web/www.nextforce.cz/www/gdpr/library/Zend/Controller/Action.php(516): ErrorController->errorAction()
#4 /storage/web/www.nextforce.cz/www/gdpr/library/Zend/Controller/Dispatcher/Standard.php(295): Zend_Controller_Action->dispatch()
#5 /storage/web/www.nextforce.cz/www/gdpr/library/Zend/Controller/Front.php(954): Zend_Controller_Dispatcher_Standard->dispatch()
#6 /storage/web/www.nextforce.cz/www/gdpr/index.php(155): Zend_Controller_Front->dispatch()
 in /storage/web/www.nextforce.cz/www/gdpr/library/Phc/ErrorLog.php on line 101]	[/gdpr/]	[Mozilla/5.0 (Windows NT 10.0; Win64; x64) AppleWebKit/537.36 (KHTML, like Gecko) Chrome/64.0.3282.167 Safari/537.36]	[Inbox v3.8 r4073]

2018-02-25T19:54:21+01:00	[WARN]	[[Exception] exception 'Ibulletin_Auth_Send_Special_Email_Exception' with message 'Email nebyl odeslan - nepodarilo se najit specialni email 'registration' - user_id = '6'. Nepodarilo se najit ani email patrici k aktualnimu bulletinu.' in /storage/web/www.nextforce.cz/www/gdpr/library/Ibulletin/Auth.php:1478
Stack trace:
#0 /storage/web/www.nextforce.cz/www/gdpr/library/Ibulletin/Auth.php(1045): Ibulletin_Auth::send_special_email(6, 'registration', false)
#1 /storage/web/www.nextforce.cz/www/gdpr/controllers/RegisterController.php(537): Ibulletin_Auth::registerUser(Array, false, true, true, Array)
#2 /storage/web/www.nextforce.cz/www/gdpr/controllers/RegisterController.php(269): RegisterController->registerAction()
#3 /storage/web/www.nextforce.cz/www/gdpr/library/Zend/Controller/Action.php(516): RegisterController->gdprAction()
#4 /storage/web/www.nextforce.cz/www/gdpr/library/Zend/Controller/Dispatcher/Standard.php(295): Zend_Controller_Action->dispatch('gdprAction')
#5 /storage/web/www.nextforce.cz/www/gdpr/library/Zend/Controller/Front.php(954): Zend_Controller_Dispatcher_Standard->dispatch(Object(Zend_Controller_Request_Http), Object(Zend_Controller_Response_Http))
#6 /storage/web/www.nextforce.cz/www/gdpr/index.php(155): Zend_Controller_Front->dispatch()
#7 {main}
PHP Stack trace:
#0 --(--): Phc_ErrorLog->_errorHandler()
#1 /storage/web/www.nextforce.cz/www/gdpr/library/Phc/ErrorLog.php(101): trigger_error()
#2 /storage/web/www.nextforce.cz/www/gdpr/controllers/ErrorController.php(42): Phc_ErrorLog->warning()
#3 /storage/web/www.nextforce.cz/www/gdpr/library/Zend/Controller/Action.php(516): ErrorController->errorAction()
#4 /storage/web/www.nextforce.cz/www/gdpr/library/Zend/Controller/Dispatcher/Standard.php(295): Zend_Controller_Action->dispatch()
#5 /storage/web/www.nextforce.cz/www/gdpr/library/Zend/Controller/Front.php(954): Zend_Controller_Dispatcher_Standard->dispatch()
#6 /storage/web/www.nextforce.cz/www/gdpr/index.php(155): Zend_Controller_Front->dispatch()
 in /storage/web/www.nextforce.cz/www/gdpr/library/Phc/ErrorLog.php on line 101]	[/gdpr/]	[Mozilla/5.0 (Macintosh; Intel Mac OS X 10_13_3) AppleWebKit/604.5.6 (KHTML, like Gecko) Version/11.0.3 Safari/604.5.6]	[Inbox v3.8 r4073]

2018-02-25T20:05:23+01:00	[WARN]	[[Exception] exception 'Ibulletin_Auth_Send_Special_Email_Exception' with message 'Email nebyl odeslan - nepodarilo se najit specialni email 'registration' - user_id = '4'. Nepodarilo se najit ani email patrici k aktualnimu bulletinu.' in /storage/web/www.nextforce.cz/www/gdpr/library/Ibulletin/Auth.php:1478
Stack trace:
#0 /storage/web/www.nextforce.cz/www/gdpr/library/Ibulletin/Auth.php(1045): Ibulletin_Auth::send_special_email(4, 'registration', false)
#1 /storage/web/www.nextforce.cz/www/gdpr/controllers/RegisterController.php(537): Ibulletin_Auth::registerUser(Array, false, true, true, Array)
#2 /storage/web/www.nextforce.cz/www/gdpr/controllers/RegisterController.php(269): RegisterController->registerAction()
#3 /storage/web/www.nextforce.cz/www/gdpr/library/Zend/Controller/Action.php(516): RegisterController->gdprAction()
#4 /storage/web/www.nextforce.cz/www/gdpr/library/Zend/Controller/Dispatcher/Standard.php(295): Zend_Controller_Action->dispatch('gdprAction')
#5 /storage/web/www.nextforce.cz/www/gdpr/library/Zend/Controller/Front.php(954): Zend_Controller_Dispatcher_Standard->dispatch(Object(Zend_Controller_Request_Http), Object(Zend_Controller_Response_Http))
#6 /storage/web/www.nextforce.cz/www/gdpr/index.php(155): Zend_Controller_Front->dispatch()
#7 {main}
PHP Stack trace:
#0 --(--): Phc_ErrorLog->_errorHandler()
#1 /storage/web/www.nextforce.cz/www/gdpr/library/Phc/ErrorLog.php(101): trigger_error()
#2 /storage/web/www.nextforce.cz/www/gdpr/controllers/ErrorController.php(42): Phc_ErrorLog->warning()
#3 /storage/web/www.nextforce.cz/www/gdpr/library/Zend/Controller/Action.php(516): ErrorController->errorAction()
#4 /storage/web/www.nextforce.cz/www/gdpr/library/Zend/Controller/Dispatcher/Standard.php(295): Zend_Controller_Action->dispatch()
#5 /storage/web/www.nextforce.cz/www/gdpr/library/Zend/Controller/Front.php(954): Zend_Controller_Dispatcher_Standard->dispatch()
#6 /storage/web/www.nextforce.cz/www/gdpr/index.php(155): Zend_Controller_Front->dispatch()
 in /storage/web/www.nextforce.cz/www/gdpr/library/Phc/ErrorLog.php on line 101]	[/gdpr/]	[Mozilla/5.0 (Macintosh; Intel Mac OS X 10_13_3) AppleWebKit/604.5.6 (KHTML, like Gecko) Version/11.0.3 Safari/604.5.6]	[Inbox v3.8 r4073]

2018-02-25T20:09:45+01:00	[WARN]	[[Ibulletin_Texts] Nebyl nalezen text pro identifikator "title", identifikovany modul, controller, akce: "default", "register", "emaildone". Originalni vstupni identifikator: "title"
PHP Stack trace:
#0 --(--): Phc_ErrorLog->_errorHandler()
#1 /storage/web/www.nextforce.cz/www/gdpr/library/Phc/ErrorLog.php(101): trigger_error()
#2 /storage/web/www.nextforce.cz/www/gdpr/library/Ibulletin/Texts.php(803): Phc_ErrorLog->warning()
#3 /storage/web/www.nextforce.cz/www/gdpr/library/Ibulletin/View/Text.php(40): Ibulletin_Texts->get()
#4 --(--): Ibulletin_View_Helper_Text->text()
#5 /storage/web/www.nextforce.cz/www/gdpr/library/Zend/View/Abstract.php(350): call_user_func_array()
#6 /storage/web/www.nextforce.cz/www/gdpr/views/scripts/info.phtml(4): Zend_View_Abstract->__call()
#7 /storage/web/www.nextforce.cz/www/gdpr/views/scripts/info.phtml(4): Phc_View->text()
#8 /storage/web/www.nextforce.cz/www/gdpr/library/Phc/View.php(59): include()
#9 /storage/web/www.nextforce.cz/www/gdpr/library/Zend/View/Abstract.php(888): Phc_View->_run()
#10 /storage/web/www.nextforce.cz/www/gdpr/library/Zend/Controller/Action/Helper/ViewRenderer.php(900): Zend_View_Abstract->render()
#11 /storage/web/www.nextforce.cz/www/gdpr/controllers/RegisterController.php(247): Zend_Controller_Action_Helper_ViewRenderer->renderScript()
#12 /storage/web/www.nextforce.cz/www/gdpr/library/Zend/Controller/Action.php(516): RegisterController->emaildoneAction()
#13 /storage/web/www.nextforce.cz/www/gdpr/library/Zend/Controller/Dispatcher/Standard.php(295): Zend_Controller_Action->dispatch()
#14 /storage/web/www.nextforce.cz/www/gdpr/library/Zend/Controller/Front.php(954): Zend_Controller_Dispatcher_Standard->dispatch()
#15 /storage/web/www.nextforce.cz/www/gdpr/index.php(155): Zend_Controller_Front->dispatch()
 in /storage/web/www.nextforce.cz/www/gdpr/library/Phc/ErrorLog.php on line 101]	[/gdpr/register/emaildone/]	[Mozilla/5.0 (Macintosh; Intel Mac OS X 10_13_3) AppleWebKit/604.5.6 (KHTML, like Gecko) Version/11.0.3 Safari/604.5.6]	[Inbox v3.8 r4073]

2018-02-25T20:10:07+01:00	[WARN]	[[Ibulletin_Texts] Nebyl nalezen text pro identifikator "title", identifikovany modul, controller, akce: "default", "register", "emaildone". Originalni vstupni identifikator: "title"
PHP Stack trace:
#0 --(--): Phc_ErrorLog->_errorHandler()
#1 /storage/web/www.nextforce.cz/www/gdpr/library/Phc/ErrorLog.php(101): trigger_error()
#2 /storage/web/www.nextforce.cz/www/gdpr/library/Ibulletin/Texts.php(803): Phc_ErrorLog->warning()
#3 /storage/web/www.nextforce.cz/www/gdpr/library/Ibulletin/View/Text.php(40): Ibulletin_Texts->get()
#4 --(--): Ibulletin_View_Helper_Text->text()
#5 /storage/web/www.nextforce.cz/www/gdpr/library/Zend/View/Abstract.php(350): call_user_func_array()
#6 /storage/web/www.nextforce.cz/www/gdpr/views/scripts/info.phtml(4): Zend_View_Abstract->__call()
#7 /storage/web/www.nextforce.cz/www/gdpr/views/scripts/info.phtml(4): Phc_View->text()
#8 /storage/web/www.nextforce.cz/www/gdpr/library/Phc/View.php(59): include()
#9 /storage/web/www.nextforce.cz/www/gdpr/library/Zend/View/Abstract.php(888): Phc_View->_run()
#10 /storage/web/www.nextforce.cz/www/gdpr/library/Zend/Controller/Action/Helper/ViewRenderer.php(900): Zend_View_Abstract->render()
#11 /storage/web/www.nextforce.cz/www/gdpr/controllers/RegisterController.php(247): Zend_Controller_Action_Helper_ViewRenderer->renderScript()
#12 /storage/web/www.nextforce.cz/www/gdpr/library/Zend/Controller/Action.php(516): RegisterController->emaildoneAction()
#13 /storage/web/www.nextforce.cz/www/gdpr/library/Zend/Controller/Dispatcher/Standard.php(295): Zend_Controller_Action->dispatch()
#14 /storage/web/www.nextforce.cz/www/gdpr/library/Zend/Controller/Front.php(954): Zend_Controller_Dispatcher_Standard->dispatch()
#15 /storage/web/www.nextforce.cz/www/gdpr/index.php(155): Zend_Controller_Front->dispatch()
 in /storage/web/www.nextforce.cz/www/gdpr/library/Phc/ErrorLog.php on line 101]	[/gdpr/register/emaildone/]	[Mozilla/5.0 (Macintosh; Intel Mac OS X 10_13_3) AppleWebKit/604.5.6 (KHTML, like Gecko) Version/11.0.3 Safari/604.5.6]	[Inbox v3.8 r4073]

2018-02-25T22:05:34+01:00	[CRIT]	[syntax error, unexpected ';'
PHP Stack trace:
#0 --(--): Phc_ErrorLog->_shutdownHandler()
 in /storage/web/www.nextforce.cz/www/gdpr/views/scripts/register/gdpr.phtml on line 98]	[/gdpr/]	[Mozilla/5.0 (Macintosh; Intel Mac OS X 10_13_3) AppleWebKit/537.36 (KHTML, like Gecko) Chrome/64.0.3282.186 Safari/537.36]	[Inbox v3.8 r4073]

2018-02-25T22:09:58+01:00	[CRIT]	[syntax error, unexpected ';'
PHP Stack trace:
#0 --(--): Phc_ErrorLog->_shutdownHandler()
 in /storage/web/www.nextforce.cz/www/gdpr/views/scripts/register/gdpr.phtml on line 82]	[/gdpr/]	[Mozilla/5.0 (Macintosh; Intel Mac OS X 10_13_3) AppleWebKit/537.36 (KHTML, like Gecko) Chrome/64.0.3282.186 Safari/537.36]	[Inbox v3.8 r4073]

2018-02-25T23:50:18+01:00	[WARN]	[[Ibulletin_Texts] Nebyla nalezena sada textu pro prefix "", identifikovany modul, controller, akce: "admin", "mails", "postsave".
exception 'Exception' in /storage/web/www.nextforce.cz/www/gdpr/library/Ibulletin/Texts.php:852
Stack trace:
#0 /storage/web/www.nextforce.cz/www/gdpr/admin/controllers/MailsController.php(219): Ibulletin_Texts::getSet()
#1 /storage/web/www.nextforce.cz/www/gdpr/admin/controllers/MailsController.php(1442): Admin_MailsController->updateRecord('mail', Array)
#2 /storage/web/www.nextforce.cz/www/gdpr/library/Ibulletin/Admin/BaseControllerAbstract.php(636): Admin_MailsController->postSaveActions()
#3 /storage/web/www.nextforce.cz/www/gdpr/library/Zend/Controller/Action.php(516): Ibulletin_Admin_BaseControllerAbstract->postsaveAction()
#4 /storage/web/www.nextforce.cz/www/gdpr/library/Zend/Controller/Dispatcher/Standard.php(295): Zend_Controller_Action->dispatch('postsaveAction')
#5 /storage/web/www.nextforce.cz/www/gdpr/library/Zend/Controller/Front.php(954): Zend_Controller_Dispatcher_Standard->dispatch(Object(Zend_Controller_Request_Http), Object(Zend_Controller_Response_Http))
#6 /storage/web/www.nextforce.cz/www/gdpr/index.php(155): Zend_Controller_Front->dispatch()
#7 {main}
PHP Stack trace:
#0 --(--): Phc_ErrorLog->_errorHandler()
#1 /storage/web/www.nextforce.cz/www/gdpr/library/Phc/ErrorLog.php(101): trigger_error()
#2 /storage/web/www.nextforce.cz/www/gdpr/library/Ibulletin/Texts.php(852): Phc_ErrorLog->warning()
#3 /storage/web/www.nextforce.cz/www/gdpr/admin/controllers/MailsController.php(219): Ibulletin_Texts->getSet()
#4 /storage/web/www.nextforce.cz/www/gdpr/admin/controllers/MailsController.php(1442): Admin_MailsController->updateRecord()
#5 /storage/web/www.nextforce.cz/www/gdpr/library/Ibulletin/Admin/BaseControllerAbstract.php(636): Admin_MailsController->postSaveActions()
#6 /storage/web/www.nextforce.cz/www/gdpr/library/Zend/Controller/Action.php(516): Ibulletin_Admin_BaseControllerAbstract->postsaveAction()
#7 /storage/web/www.nextforce.cz/www/gdpr/library/Zend/Controller/Dispatcher/Standard.php(295): Zend_Controller_Action->dispatch()
#8 /storage/web/www.nextforce.cz/www/gdpr/library/Zend/Controller/Front.php(954): Zend_Controller_Dispatcher_Standard->dispatch()
#9 /storage/web/www.nextforce.cz/www/gdpr/index.php(155): Zend_Controller_Front->dispatch()
 in /storage/web/www.nextforce.cz/www/gdpr/library/Phc/ErrorLog.php on line 101]	[/gdpr/admin/mails/postsave/id/1/?_=1519598953631]	[Mozilla/5.0 (Macintosh; Intel Mac OS X 10_13_3) AppleWebKit/537.36 (KHTML, like Gecko) Chrome/64.0.3282.186 Safari/537.36]	[Inbox v3.8 r4073]

2018-02-25T23:50:21+01:00	[WARN]	[[Ibulletin_Texts] Nebyla nalezena sada textu pro prefix "", identifikovany modul, controller, akce: "admin", "mails", "postsave".
exception 'Exception' in /storage/web/www.nextforce.cz/www/gdpr/library/Ibulletin/Texts.php:852
Stack trace:
#0 /storage/web/www.nextforce.cz/www/gdpr/admin/controllers/MailsController.php(219): Ibulletin_Texts::getSet()
#1 /storage/web/www.nextforce.cz/www/gdpr/admin/controllers/MailsController.php(1442): Admin_MailsController->updateRecord('mail', Array)
#2 /storage/web/www.nextforce.cz/www/gdpr/library/Ibulletin/Admin/BaseControllerAbstract.php(636): Admin_MailsController->postSaveActions()
#3 /storage/web/www.nextforce.cz/www/gdpr/library/Zend/Controller/Action.php(516): Ibulletin_Admin_BaseControllerAbstract->postsaveAction()
#4 /storage/web/www.nextforce.cz/www/gdpr/library/Zend/Controller/Dispatcher/Standard.php(295): Zend_Controller_Action->dispatch('postsaveAction')
#5 /storage/web/www.nextforce.cz/www/gdpr/library/Zend/Controller/Front.php(954): Zend_Controller_Dispatcher_Standard->dispatch(Object(Zend_Controller_Request_Http), Object(Zend_Controller_Response_Http))
#6 /storage/web/www.nextforce.cz/www/gdpr/index.php(155): Zend_Controller_Front->dispatch()
#7 {main}
PHP Stack trace:
#0 --(--): Phc_ErrorLog->_errorHandler()
#1 /storage/web/www.nextforce.cz/www/gdpr/library/Phc/ErrorLog.php(101): trigger_error()
#2 /storage/web/www.nextforce.cz/www/gdpr/library/Ibulletin/Texts.php(852): Phc_ErrorLog->warning()
#3 /storage/web/www.nextforce.cz/www/gdpr/admin/controllers/MailsController.php(219): Ibulletin_Texts->getSet()
#4 /storage/web/www.nextforce.cz/www/gdpr/admin/controllers/MailsController.php(1442): Admin_MailsController->updateRecord()
#5 /storage/web/www.nextforce.cz/www/gdpr/library/Ibulletin/Admin/BaseControllerAbstract.php(636): Admin_MailsController->postSaveActions()
#6 /storage/web/www.nextforce.cz/www/gdpr/library/Zend/Controller/Action.php(516): Ibulletin_Admin_BaseControllerAbstract->postsaveAction()
#7 /storage/web/www.nextforce.cz/www/gdpr/library/Zend/Controller/Dispatcher/Standard.php(295): Zend_Controller_Action->dispatch()
#8 /storage/web/www.nextforce.cz/www/gdpr/library/Zend/Controller/Front.php(954): Zend_Controller_Dispatcher_Standard->dispatch()
#9 /storage/web/www.nextforce.cz/www/gdpr/index.php(155): Zend_Controller_Front->dispatch()
 in /storage/web/www.nextforce.cz/www/gdpr/library/Phc/ErrorLog.php on line 101]	[/gdpr/admin/mails/postsave/id/1/?_=1519598953632]	[Mozilla/5.0 (Macintosh; Intel Mac OS X 10_13_3) AppleWebKit/537.36 (KHTML, like Gecko) Chrome/64.0.3282.186 Safari/537.36]	[Inbox v3.8 r4073]

2018-02-25T23:50:21+01:00	[WARN]	[[Ibulletin_Texts] Nebyla nalezena sada textu pro prefix "", identifikovany modul, controller, akce: "admin", "mails", "postsave".
exception 'Exception' in /storage/web/www.nextforce.cz/www/gdpr/library/Ibulletin/Texts.php:852
Stack trace:
#0 /storage/web/www.nextforce.cz/www/gdpr/admin/controllers/MailsController.php(219): Ibulletin_Texts::getSet()
#1 /storage/web/www.nextforce.cz/www/gdpr/admin/controllers/MailsController.php(1442): Admin_MailsController->updateRecord('mail', Array)
#2 /storage/web/www.nextforce.cz/www/gdpr/library/Ibulletin/Admin/BaseControllerAbstract.php(636): Admin_MailsController->postSaveActions()
#3 /storage/web/www.nextforce.cz/www/gdpr/library/Zend/Controller/Action.php(516): Ibulletin_Admin_BaseControllerAbstract->postsaveAction()
#4 /storage/web/www.nextforce.cz/www/gdpr/library/Zend/Controller/Dispatcher/Standard.php(295): Zend_Controller_Action->dispatch('postsaveAction')
#5 /storage/web/www.nextforce.cz/www/gdpr/library/Zend/Controller/Front.php(954): Zend_Controller_Dispatcher_Standard->dispatch(Object(Zend_Controller_Request_Http), Object(Zend_Controller_Response_Http))
#6 /storage/web/www.nextforce.cz/www/gdpr/index.php(155): Zend_Controller_Front->dispatch()
#7 {main}
PHP Stack trace:
#0 --(--): Phc_ErrorLog->_errorHandler()
#1 /storage/web/www.nextforce.cz/www/gdpr/library/Phc/ErrorLog.php(101): trigger_error()
#2 /storage/web/www.nextforce.cz/www/gdpr/library/Ibulletin/Texts.php(852): Phc_ErrorLog->warning()
#3 /storage/web/www.nextforce.cz/www/gdpr/admin/controllers/MailsController.php(219): Ibulletin_Texts->getSet()
#4 /storage/web/www.nextforce.cz/www/gdpr/admin/controllers/MailsController.php(1442): Admin_MailsController->updateRecord()
#5 /storage/web/www.nextforce.cz/www/gdpr/library/Ibulletin/Admin/BaseControllerAbstract.php(636): Admin_MailsController->postSaveActions()
#6 /storage/web/www.nextforce.cz/www/gdpr/library/Zend/Controller/Action.php(516): Ibulletin_Admin_BaseControllerAbstract->postsaveAction()
#7 /storage/web/www.nextforce.cz/www/gdpr/library/Zend/Controller/Dispatcher/Standard.php(295): Zend_Controller_Action->dispatch()
#8 /storage/web/www.nextforce.cz/www/gdpr/library/Zend/Controller/Front.php(954): Zend_Controller_Dispatcher_Standard->dispatch()
#9 /storage/web/www.nextforce.cz/www/gdpr/index.php(155): Zend_Controller_Front->dispatch()
 in /storage/web/www.nextforce.cz/www/gdpr/library/Phc/ErrorLog.php on line 101]	[/gdpr/admin/mails/postsave/id/1/?_=1519598953634]	[Mozilla/5.0 (Macintosh; Intel Mac OS X 10_13_3) AppleWebKit/537.36 (KHTML, like Gecko) Chrome/64.0.3282.186 Safari/537.36]	[Inbox v3.8 r4073]

2018-02-25T23:54:58+01:00	[WARN]	[[Ibulletin_Texts] Nebyla nalezena sada textu pro prefix "", identifikovany modul, controller, akce: "admin", "mails", "postsave".
exception 'Exception' in /storage/web/www.nextforce.cz/www/gdpr/library/Ibulletin/Texts.php:852
Stack trace:
#0 /storage/web/www.nextforce.cz/www/gdpr/admin/controllers/MailsController.php(219): Ibulletin_Texts::getSet()
#1 /storage/web/www.nextforce.cz/www/gdpr/admin/controllers/MailsController.php(1442): Admin_MailsController->updateRecord('mail', Array)
#2 /storage/web/www.nextforce.cz/www/gdpr/library/Ibulletin/Admin/BaseControllerAbstract.php(636): Admin_MailsController->postSaveActions()
#3 /storage/web/www.nextforce.cz/www/gdpr/library/Zend/Controller/Action.php(516): Ibulletin_Admin_BaseControllerAbstract->postsaveAction()
#4 /storage/web/www.nextforce.cz/www/gdpr/library/Zend/Controller/Dispatcher/Standard.php(295): Zend_Controller_Action->dispatch('postsaveAction')
#5 /storage/web/www.nextforce.cz/www/gdpr/library/Zend/Controller/Front.php(954): Zend_Controller_Dispatcher_Standard->dispatch(Object(Zend_Controller_Request_Http), Object(Zend_Controller_Response_Http))
#6 /storage/web/www.nextforce.cz/www/gdpr/index.php(155): Zend_Controller_Front->dispatch()
#7 {main}
PHP Stack trace:
#0 --(--): Phc_ErrorLog->_errorHandler()
#1 /storage/web/www.nextforce.cz/www/gdpr/library/Phc/ErrorLog.php(101): trigger_error()
#2 /storage/web/www.nextforce.cz/www/gdpr/library/Ibulletin/Texts.php(852): Phc_ErrorLog->warning()
#3 /storage/web/www.nextforce.cz/www/gdpr/admin/controllers/MailsController.php(219): Ibulletin_Texts->getSet()
#4 /storage/web/www.nextforce.cz/www/gdpr/admin/controllers/MailsController.php(1442): Admin_MailsController->updateRecord()
#5 /storage/web/www.nextforce.cz/www/gdpr/library/Ibulletin/Admin/BaseControllerAbstract.php(636): Admin_MailsController->postSaveActions()
#6 /storage/web/www.nextforce.cz/www/gdpr/library/Zend/Controller/Action.php(516): Ibulletin_Admin_BaseControllerAbstract->postsaveAction()
#7 /storage/web/www.nextforce.cz/www/gdpr/library/Zend/Controller/Dispatcher/Standard.php(295): Zend_Controller_Action->dispatch()
#8 /storage/web/www.nextforce.cz/www/gdpr/library/Zend/Controller/Front.php(954): Zend_Controller_Dispatcher_Standard->dispatch()
#9 /storage/web/www.nextforce.cz/www/gdpr/index.php(155): Zend_Controller_Front->dispatch()
 in /storage/web/www.nextforce.cz/www/gdpr/library/Phc/ErrorLog.php on line 101]	[/gdpr/admin/mails/postsave/id/1/?_=1519598953644]	[Mozilla/5.0 (Macintosh; Intel Mac OS X 10_13_3) AppleWebKit/537.36 (KHTML, like Gecko) Chrome/64.0.3282.186 Safari/537.36]	[Inbox v3.8 r4073]

2018-02-25T23:55:01+01:00	[WARN]	[[Ibulletin_Texts] Nebyla nalezena sada textu pro prefix "", identifikovany modul, controller, akce: "admin", "mails", "postsave".
exception 'Exception' in /storage/web/www.nextforce.cz/www/gdpr/library/Ibulletin/Texts.php:852
Stack trace:
#0 /storage/web/www.nextforce.cz/www/gdpr/admin/controllers/MailsController.php(219): Ibulletin_Texts::getSet()
#1 /storage/web/www.nextforce.cz/www/gdpr/admin/controllers/MailsController.php(1442): Admin_MailsController->updateRecord('mail', Array)
#2 /storage/web/www.nextforce.cz/www/gdpr/library/Ibulletin/Admin/BaseControllerAbstract.php(636): Admin_MailsController->postSaveActions()
#3 /storage/web/www.nextforce.cz/www/gdpr/library/Zend/Controller/Action.php(516): Ibulletin_Admin_BaseControllerAbstract->postsaveAction()
#4 /storage/web/www.nextforce.cz/www/gdpr/library/Zend/Controller/Dispatcher/Standard.php(295): Zend_Controller_Action->dispatch('postsaveAction')
#5 /storage/web/www.nextforce.cz/www/gdpr/library/Zend/Controller/Front.php(954): Zend_Controller_Dispatcher_Standard->dispatch(Object(Zend_Controller_Request_Http), Object(Zend_Controller_Response_Http))
#6 /storage/web/www.nextforce.cz/www/gdpr/index.php(155): Zend_Controller_Front->dispatch()
#7 {main}
PHP Stack trace:
#0 --(--): Phc_ErrorLog->_errorHandler()
#1 /storage/web/www.nextforce.cz/www/gdpr/library/Phc/ErrorLog.php(101): trigger_error()
#2 /storage/web/www.nextforce.cz/www/gdpr/library/Ibulletin/Texts.php(852): Phc_ErrorLog->warning()
#3 /storage/web/www.nextforce.cz/www/gdpr/admin/controllers/MailsController.php(219): Ibulletin_Texts->getSet()
#4 /storage/web/www.nextforce.cz/www/gdpr/admin/controllers/MailsController.php(1442): Admin_MailsController->updateRecord()
#5 /storage/web/www.nextforce.cz/www/gdpr/library/Ibulletin/Admin/BaseControllerAbstract.php(636): Admin_MailsController->postSaveActions()
#6 /storage/web/www.nextforce.cz/www/gdpr/library/Zend/Controller/Action.php(516): Ibulletin_Admin_BaseControllerAbstract->postsaveAction()
#7 /storage/web/www.nextforce.cz/www/gdpr/library/Zend/Controller/Dispatcher/Standard.php(295): Zend_Controller_Action->dispatch()
#8 /storage/web/www.nextforce.cz/www/gdpr/library/Zend/Controller/Front.php(954): Zend_Controller_Dispatcher_Standard->dispatch()
#9 /storage/web/www.nextforce.cz/www/gdpr/index.php(155): Zend_Controller_Front->dispatch()
 in /storage/web/www.nextforce.cz/www/gdpr/library/Phc/ErrorLog.php on line 101]	[/gdpr/admin/mails/postsave/id/1/?_=1519598953647]	[Mozilla/5.0 (Macintosh; Intel Mac OS X 10_13_3) AppleWebKit/537.36 (KHTML, like Gecko) Chrome/64.0.3282.186 Safari/537.36]	[Inbox v3.8 r4073]

2018-02-25T23:55:01+01:00	[WARN]	[[Ibulletin_Texts] Nebyla nalezena sada textu pro prefix "", identifikovany modul, controller, akce: "admin", "mails", "postsave".
exception 'Exception' in /storage/web/www.nextforce.cz/www/gdpr/library/Ibulletin/Texts.php:852
Stack trace:
#0 /storage/web/www.nextforce.cz/www/gdpr/admin/controllers/MailsController.php(219): Ibulletin_Texts::getSet()
#1 /storage/web/www.nextforce.cz/www/gdpr/admin/controllers/MailsController.php(1442): Admin_MailsController->updateRecord('mail', Array)
#2 /storage/web/www.nextforce.cz/www/gdpr/library/Ibulletin/Admin/BaseControllerAbstract.php(636): Admin_MailsController->postSaveActions()
#3 /storage/web/www.nextforce.cz/www/gdpr/library/Zend/Controller/Action.php(516): Ibulletin_Admin_BaseControllerAbstract->postsaveAction()
#4 /storage/web/www.nextforce.cz/www/gdpr/library/Zend/Controller/Dispatcher/Standard.php(295): Zend_Controller_Action->dispatch('postsaveAction')
#5 /storage/web/www.nextforce.cz/www/gdpr/library/Zend/Controller/Front.php(954): Zend_Controller_Dispatcher_Standard->dispatch(Object(Zend_Controller_Request_Http), Object(Zend_Controller_Response_Http))
#6 /storage/web/www.nextforce.cz/www/gdpr/index.php(155): Zend_Controller_Front->dispatch()
#7 {main}
PHP Stack trace:
#0 --(--): Phc_ErrorLog->_errorHandler()
#1 /storage/web/www.nextforce.cz/www/gdpr/library/Phc/ErrorLog.php(101): trigger_error()
#2 /storage/web/www.nextforce.cz/www/gdpr/library/Ibulletin/Texts.php(852): Phc_ErrorLog->warning()
#3 /storage/web/www.nextforce.cz/www/gdpr/admin/controllers/MailsController.php(219): Ibulletin_Texts->getSet()
#4 /storage/web/www.nextforce.cz/www/gdpr/admin/controllers/MailsController.php(1442): Admin_MailsController->updateRecord()
#5 /storage/web/www.nextforce.cz/www/gdpr/library/Ibulletin/Admin/BaseControllerAbstract.php(636): Admin_MailsController->postSaveActions()
#6 /storage/web/www.nextforce.cz/www/gdpr/library/Zend/Controller/Action.php(516): Ibulletin_Admin_BaseControllerAbstract->postsaveAction()
#7 /storage/web/www.nextforce.cz/www/gdpr/library/Zend/Controller/Dispatcher/Standard.php(295): Zend_Controller_Action->dispatch()
#8 /storage/web/www.nextforce.cz/www/gdpr/library/Zend/Controller/Front.php(954): Zend_Controller_Dispatcher_Standard->dispatch()
#9 /storage/web/www.nextforce.cz/www/gdpr/index.php(155): Zend_Controller_Front->dispatch()
 in /storage/web/www.nextforce.cz/www/gdpr/library/Phc/ErrorLog.php on line 101]	[/gdpr/admin/mails/postsave/id/1/?_=1519598953645]	[Mozilla/5.0 (Macintosh; Intel Mac OS X 10_13_3) AppleWebKit/537.36 (KHTML, like Gecko) Chrome/64.0.3282.186 Safari/537.36]	[Inbox v3.8 r4073]

2018-02-25T23:56:49+01:00	[WARN]	[[Ibulletin_Texts] Nebyla nalezena sada textu pro prefix "", identifikovany modul, controller, akce: "admin", "mails", "postsave".
exception 'Exception' in /storage/web/www.nextforce.cz/www/gdpr/library/Ibulletin/Texts.php:852
Stack trace:
#0 /storage/web/www.nextforce.cz/www/gdpr/admin/controllers/MailsController.php(219): Ibulletin_Texts::getSet()
#1 /storage/web/www.nextforce.cz/www/gdpr/admin/controllers/MailsController.php(1442): Admin_MailsController->updateRecord('mail', Array)
#2 /storage/web/www.nextforce.cz/www/gdpr/library/Ibulletin/Admin/BaseControllerAbstract.php(636): Admin_MailsController->postSaveActions()
#3 /storage/web/www.nextforce.cz/www/gdpr/library/Zend/Controller/Action.php(516): Ibulletin_Admin_BaseControllerAbstract->postsaveAction()
#4 /storage/web/www.nextforce.cz/www/gdpr/library/Zend/Controller/Dispatcher/Standard.php(295): Zend_Controller_Action->dispatch('postsaveAction')
#5 /storage/web/www.nextforce.cz/www/gdpr/library/Zend/Controller/Front.php(954): Zend_Controller_Dispatcher_Standard->dispatch(Object(Zend_Controller_Request_Http), Object(Zend_Controller_Response_Http))
#6 /storage/web/www.nextforce.cz/www/gdpr/index.php(155): Zend_Controller_Front->dispatch()
#7 {main}
PHP Stack trace:
#0 --(--): Phc_ErrorLog->_errorHandler()
#1 /storage/web/www.nextforce.cz/www/gdpr/library/Phc/ErrorLog.php(101): trigger_error()
#2 /storage/web/www.nextforce.cz/www/gdpr/library/Ibulletin/Texts.php(852): Phc_ErrorLog->warning()
#3 /storage/web/www.nextforce.cz/www/gdpr/admin/controllers/MailsController.php(219): Ibulletin_Texts->getSet()
#4 /storage/web/www.nextforce.cz/www/gdpr/admin/controllers/MailsController.php(1442): Admin_MailsController->updateRecord()
#5 /storage/web/www.nextforce.cz/www/gdpr/library/Ibulletin/Admin/BaseControllerAbstract.php(636): Admin_MailsController->postSaveActions()
#6 /storage/web/www.nextforce.cz/www/gdpr/library/Zend/Controller/Action.php(516): Ibulletin_Admin_BaseControllerAbstract->postsaveAction()
#7 /storage/web/www.nextforce.cz/www/gdpr/library/Zend/Controller/Dispatcher/Standard.php(295): Zend_Controller_Action->dispatch()
#8 /storage/web/www.nextforce.cz/www/gdpr/library/Zend/Controller/Front.php(954): Zend_Controller_Dispatcher_Standard->dispatch()
#9 /storage/web/www.nextforce.cz/www/gdpr/index.php(155): Zend_Controller_Front->dispatch()
 in /storage/web/www.nextforce.cz/www/gdpr/library/Phc/ErrorLog.php on line 101]	[/gdpr/admin/mails/postsave/id/1/?_=1519598953653]	[Mozilla/5.0 (Macintosh; Intel Mac OS X 10_13_3) AppleWebKit/537.36 (KHTML, like Gecko) Chrome/64.0.3282.186 Safari/537.36]	[Inbox v3.8 r4073]

2018-02-25T23:56:52+01:00	[WARN]	[[Ibulletin_Texts] Nebyla nalezena sada textu pro prefix "", identifikovany modul, controller, akce: "admin", "mails", "postsave".
exception 'Exception' in /storage/web/www.nextforce.cz/www/gdpr/library/Ibulletin/Texts.php:852
Stack trace:
#0 /storage/web/www.nextforce.cz/www/gdpr/admin/controllers/MailsController.php(219): Ibulletin_Texts::getSet()
#1 /storage/web/www.nextforce.cz/www/gdpr/admin/controllers/MailsController.php(1442): Admin_MailsController->updateRecord('mail', Array)
#2 /storage/web/www.nextforce.cz/www/gdpr/library/Ibulletin/Admin/BaseControllerAbstract.php(636): Admin_MailsController->postSaveActions()
#3 /storage/web/www.nextforce.cz/www/gdpr/library/Zend/Controller/Action.php(516): Ibulletin_Admin_BaseControllerAbstract->postsaveAction()
#4 /storage/web/www.nextforce.cz/www/gdpr/library/Zend/Controller/Dispatcher/Standard.php(295): Zend_Controller_Action->dispatch('postsaveAction')
#5 /storage/web/www.nextforce.cz/www/gdpr/library/Zend/Controller/Front.php(954): Zend_Controller_Dispatcher_Standard->dispatch(Object(Zend_Controller_Request_Http), Object(Zend_Controller_Response_Http))
#6 /storage/web/www.nextforce.cz/www/gdpr/index.php(155): Zend_Controller_Front->dispatch()
#7 {main}
PHP Stack trace:
#0 --(--): Phc_ErrorLog->_errorHandler()
#1 /storage/web/www.nextforce.cz/www/gdpr/library/Phc/ErrorLog.php(101): trigger_error()
#2 /storage/web/www.nextforce.cz/www/gdpr/library/Ibulletin/Texts.php(852): Phc_ErrorLog->warning()
#3 /storage/web/www.nextforce.cz/www/gdpr/admin/controllers/MailsController.php(219): Ibulletin_Texts->getSet()
#4 /storage/web/www.nextforce.cz/www/gdpr/admin/controllers/MailsController.php(1442): Admin_MailsController->updateRecord()
#5 /storage/web/www.nextforce.cz/www/gdpr/library/Ibulletin/Admin/BaseControllerAbstract.php(636): Admin_MailsController->postSaveActions()
#6 /storage/web/www.nextforce.cz/www/gdpr/library/Zend/Controller/Action.php(516): Ibulletin_Admin_BaseControllerAbstract->postsaveAction()
#7 /storage/web/www.nextforce.cz/www/gdpr/library/Zend/Controller/Dispatcher/Standard.php(295): Zend_Controller_Action->dispatch()
#8 /storage/web/www.nextforce.cz/www/gdpr/library/Zend/Controller/Front.php(954): Zend_Controller_Dispatcher_Standard->dispatch()
#9 /storage/web/www.nextforce.cz/www/gdpr/index.php(155): Zend_Controller_Front->dispatch()
 in /storage/web/www.nextforce.cz/www/gdpr/library/Phc/ErrorLog.php on line 101]	[/gdpr/admin/mails/postsave/id/1/?_=1519598953654]	[Mozilla/5.0 (Macintosh; Intel Mac OS X 10_13_3) AppleWebKit/537.36 (KHTML, like Gecko) Chrome/64.0.3282.186 Safari/537.36]	[Inbox v3.8 r4073]

2018-02-25T23:56:52+01:00	[WARN]	[[Ibulletin_Texts] Nebyla nalezena sada textu pro prefix "", identifikovany modul, controller, akce: "admin", "mails", "postsave".
exception 'Exception' in /storage/web/www.nextforce.cz/www/gdpr/library/Ibulletin/Texts.php:852
Stack trace:
#0 /storage/web/www.nextforce.cz/www/gdpr/admin/controllers/MailsController.php(219): Ibulletin_Texts::getSet()
#1 /storage/web/www.nextforce.cz/www/gdpr/admin/controllers/MailsController.php(1442): Admin_MailsController->updateRecord('mail', Array)
#2 /storage/web/www.nextforce.cz/www/gdpr/library/Ibulletin/Admin/BaseControllerAbstract.php(636): Admin_MailsController->postSaveActions()
#3 /storage/web/www.nextforce.cz/www/gdpr/library/Zend/Controller/Action.php(516): Ibulletin_Admin_BaseControllerAbstract->postsaveAction()
#4 /storage/web/www.nextforce.cz/www/gdpr/library/Zend/Controller/Dispatcher/Standard.php(295): Zend_Controller_Action->dispatch('postsaveAction')
#5 /storage/web/www.nextforce.cz/www/gdpr/library/Zend/Controller/Front.php(954): Zend_Controller_Dispatcher_Standard->dispatch(Object(Zend_Controller_Request_Http), Object(Zend_Controller_Response_Http))
#6 /storage/web/www.nextforce.cz/www/gdpr/index.php(155): Zend_Controller_Front->dispatch()
#7 {main}
PHP Stack trace:
#0 --(--): Phc_ErrorLog->_errorHandler()
#1 /storage/web/www.nextforce.cz/www/gdpr/library/Phc/ErrorLog.php(101): trigger_error()
#2 /storage/web/www.nextforce.cz/www/gdpr/library/Ibulletin/Texts.php(852): Phc_ErrorLog->warning()
#3 /storage/web/www.nextforce.cz/www/gdpr/admin/controllers/MailsController.php(219): Ibulletin_Texts->getSet()
#4 /storage/web/www.nextforce.cz/www/gdpr/admin/controllers/MailsController.php(1442): Admin_MailsController->updateRecord()
#5 /storage/web/www.nextforce.cz/www/gdpr/library/Ibulletin/Admin/BaseControllerAbstract.php(636): Admin_MailsController->postSaveActions()
#6 /storage/web/www.nextforce.cz/www/gdpr/library/Zend/Controller/Action.php(516): Ibulletin_Admin_BaseControllerAbstract->postsaveAction()
#7 /storage/web/www.nextforce.cz/www/gdpr/library/Zend/Controller/Dispatcher/Standard.php(295): Zend_Controller_Action->dispatch()
#8 /storage/web/www.nextforce.cz/www/gdpr/library/Zend/Controller/Front.php(954): Zend_Controller_Dispatcher_Standard->dispatch()
#9 /storage/web/www.nextforce.cz/www/gdpr/index.php(155): Zend_Controller_Front->dispatch()
 in /storage/web/www.nextforce.cz/www/gdpr/library/Phc/ErrorLog.php on line 101]	[/gdpr/admin/mails/postsave/id/1/?_=1519598953656]	[Mozilla/5.0 (Macintosh; Intel Mac OS X 10_13_3) AppleWebKit/537.36 (KHTML, like Gecko) Chrome/64.0.3282.186 Safari/537.36]	[Inbox v3.8 r4073]

