2018-02-24T11:37:38+01:00	[WARN]	[[Exception] exception 'Zend_View_Exception' with message 'script 'register/gdpr.phtml' not found in path (views/scripts/_layouts/:views/scripts/content_templates/:views/scripts/page_templates/:./views/scripts/)' in /storage/web/www.nextforce.cz/www/gdpr/library/Zend/View/Abstract.php:988
Stack trace:
#0 /storage/web/www.nextforce.cz/www/gdpr/library/Zend/View/Abstract.php(884): Zend_View_Abstract->_script('register/gdpr.p...')
#1 /storage/web/www.nextforce.cz/www/gdpr/library/Zend/Controller/Action/Helper/ViewRenderer.php(900): Zend_View_Abstract->render('register/gdpr.p...')
#2 /storage/web/www.nextforce.cz/www/gdpr/library/Zend/Controller/Action/Helper/ViewRenderer.php(921): Zend_Controller_Action_Helper_ViewRenderer->renderScript('register/gdpr.p...', NULL)
#3 /storage/web/www.nextforce.cz/www/gdpr/library/Zend/Controller/Action/Helper/ViewRenderer.php(960): Zend_Controller_Action_Helper_ViewRenderer->render()
#4 /storage/web/www.nextforce.cz/www/gdpr/library/Zend/Controller/Action/HelperBroker.php(277): Zend_Controller_Action_Helper_ViewRenderer->postDispatch()
#5 /storage/web/www.nextforce.cz/www/gdpr/library/Zend/Controller/Action.php(527): Zend_Controller_Action_HelperBroker->notifyPostDispatch()
#6 /storage/web/www.nextforce.cz/www/gdpr/library/Zend/Controller/Dispatcher/Standard.php(295): Zend_Controller_Action->dispatch('gdprAction')
#7 /storage/web/www.nextforce.cz/www/gdpr/library/Zend/Controller/Front.php(954): Zend_Controller_Dispatcher_Standard->dispatch(Object(Zend_Controller_Request_Http), Object(Zend_Controller_Response_Http))
#8 /storage/web/www.nextforce.cz/www/gdpr/index.php(155): Zend_Controller_Front->dispatch()
#9 {main}
PHP Stack trace:
#0 --(--): Phc_ErrorLog->_errorHandler()
#1 /storage/web/www.nextforce.cz/www/gdpr/library/Phc/ErrorLog.php(101): trigger_error()
#2 /storage/web/www.nextforce.cz/www/gdpr/controllers/ErrorController.php(42): Phc_ErrorLog->warning()
#3 /storage/web/www.nextforce.cz/www/gdpr/library/Zend/Controller/Action.php(516): ErrorController->errorAction()
#4 /storage/web/www.nextforce.cz/www/gdpr/library/Zend/Controller/Dispatcher/Standard.php(295): Zend_Controller_Action->dispatch()
#5 /storage/web/www.nextforce.cz/www/gdpr/library/Zend/Controller/Front.php(954): Zend_Controller_Dispatcher_Standard->dispatch()
#6 /storage/web/www.nextforce.cz/www/gdpr/index.php(155): Zend_Controller_Front->dispatch()
 in /storage/web/www.nextforce.cz/www/gdpr/library/Phc/ErrorLog.php on line 101]	[/gdpr/]	[Mozilla/5.0 (Macintosh; Intel Mac OS X 10_13_3) AppleWebKit/537.36 (KHTML, like Gecko) Chrome/64.0.3282.186 Safari/537.36]	[Inbox v3.8 r4073]

