2018-03-02T11:08:36+01:00	[WARN]	[[Ibulletin_Texts] Nebyla nalezena sada textu pro prefix "", identifikovany modul, controller, akce: "admin", "mails", "postsave".
exception 'Exception' in /storage/web/www.nextforce.cz/www/gdpr/library/Ibulletin/Texts.php:852
Stack trace:
#0 /storage/web/www.nextforce.cz/www/gdpr/admin/controllers/MailsController.php(219): Ibulletin_Texts::getSet()
#1 /storage/web/www.nextforce.cz/www/gdpr/admin/controllers/MailsController.php(1442): Admin_MailsController->updateRecord('mail', Array)
#2 /storage/web/www.nextforce.cz/www/gdpr/library/Ibulletin/Admin/BaseControllerAbstract.php(636): Admin_MailsController->postSaveActions()
#3 /storage/web/www.nextforce.cz/www/gdpr/library/Zend/Controller/Action.php(516): Ibulletin_Admin_BaseControllerAbstract->postsaveAction()
#4 /storage/web/www.nextforce.cz/www/gdpr/library/Zend/Controller/Dispatcher/Standard.php(295): Zend_Controller_Action->dispatch('postsaveAction')
#5 /storage/web/www.nextforce.cz/www/gdpr/library/Zend/Controller/Front.php(954): Zend_Controller_Dispatcher_Standard->dispatch(Object(Zend_Controller_Request_Http), Object(Zend_Controller_Response_Http))
#6 /storage/web/www.nextforce.cz/www/gdpr/index.php(155): Zend_Controller_Front->dispatch()
#7 {main}
PHP Stack trace:
#0 --(--): Phc_ErrorLog->_errorHandler()
#1 /storage/web/www.nextforce.cz/www/gdpr/library/Phc/ErrorLog.php(101): trigger_error()
#2 /storage/web/www.nextforce.cz/www/gdpr/library/Ibulletin/Texts.php(852): Phc_ErrorLog->warning()
#3 /storage/web/www.nextforce.cz/www/gdpr/admin/controllers/MailsController.php(219): Ibulletin_Texts->getSet()
#4 /storage/web/www.nextforce.cz/www/gdpr/admin/controllers/MailsController.php(1442): Admin_MailsController->updateRecord()
#5 /storage/web/www.nextforce.cz/www/gdpr/library/Ibulletin/Admin/BaseControllerAbstract.php(636): Admin_MailsController->postSaveActions()
#6 /storage/web/www.nextforce.cz/www/gdpr/library/Zend/Controller/Action.php(516): Ibulletin_Admin_BaseControllerAbstract->postsaveAction()
#7 /storage/web/www.nextforce.cz/www/gdpr/library/Zend/Controller/Dispatcher/Standard.php(295): Zend_Controller_Action->dispatch()
#8 /storage/web/www.nextforce.cz/www/gdpr/library/Zend/Controller/Front.php(954): Zend_Controller_Dispatcher_Standard->dispatch()
#9 /storage/web/www.nextforce.cz/www/gdpr/index.php(155): Zend_Controller_Front->dispatch()
 in /storage/web/www.nextforce.cz/www/gdpr/library/Phc/ErrorLog.php on line 101]	[/gdpr/admin/mails/postsave/id/1/?_=1519985032617]	[Mozilla/5.0 (Macintosh; Intel Mac OS X 10_13_3) AppleWebKit/537.36 (KHTML, like Gecko) Chrome/64.0.3282.186 Safari/537.36]	[Inbox v3.8 r4082]

2018-03-02T11:08:38+01:00	[WARN]	[[Ibulletin_Texts] Nebyla nalezena sada textu pro prefix "", identifikovany modul, controller, akce: "admin", "mails", "postsave".
exception 'Exception' in /storage/web/www.nextforce.cz/www/gdpr/library/Ibulletin/Texts.php:852
Stack trace:
#0 /storage/web/www.nextforce.cz/www/gdpr/admin/controllers/MailsController.php(219): Ibulletin_Texts::getSet()
#1 /storage/web/www.nextforce.cz/www/gdpr/admin/controllers/MailsController.php(1442): Admin_MailsController->updateRecord('mail', Array)
#2 /storage/web/www.nextforce.cz/www/gdpr/library/Ibulletin/Admin/BaseControllerAbstract.php(636): Admin_MailsController->postSaveActions()
#3 /storage/web/www.nextforce.cz/www/gdpr/library/Zend/Controller/Action.php(516): Ibulletin_Admin_BaseControllerAbstract->postsaveAction()
#4 /storage/web/www.nextforce.cz/www/gdpr/library/Zend/Controller/Dispatcher/Standard.php(295): Zend_Controller_Action->dispatch('postsaveAction')
#5 /storage/web/www.nextforce.cz/www/gdpr/library/Zend/Controller/Front.php(954): Zend_Controller_Dispatcher_Standard->dispatch(Object(Zend_Controller_Request_Http), Object(Zend_Controller_Response_Http))
#6 /storage/web/www.nextforce.cz/www/gdpr/index.php(155): Zend_Controller_Front->dispatch()
#7 {main}
PHP Stack trace:
#0 --(--): Phc_ErrorLog->_errorHandler()
#1 /storage/web/www.nextforce.cz/www/gdpr/library/Phc/ErrorLog.php(101): trigger_error()
#2 /storage/web/www.nextforce.cz/www/gdpr/library/Ibulletin/Texts.php(852): Phc_ErrorLog->warning()
#3 /storage/web/www.nextforce.cz/www/gdpr/admin/controllers/MailsController.php(219): Ibulletin_Texts->getSet()
#4 /storage/web/www.nextforce.cz/www/gdpr/admin/controllers/MailsController.php(1442): Admin_MailsController->updateRecord()
#5 /storage/web/www.nextforce.cz/www/gdpr/library/Ibulletin/Admin/BaseControllerAbstract.php(636): Admin_MailsController->postSaveActions()
#6 /storage/web/www.nextforce.cz/www/gdpr/library/Zend/Controller/Action.php(516): Ibulletin_Admin_BaseControllerAbstract->postsaveAction()
#7 /storage/web/www.nextforce.cz/www/gdpr/library/Zend/Controller/Dispatcher/Standard.php(295): Zend_Controller_Action->dispatch()
#8 /storage/web/www.nextforce.cz/www/gdpr/library/Zend/Controller/Front.php(954): Zend_Controller_Dispatcher_Standard->dispatch()
#9 /storage/web/www.nextforce.cz/www/gdpr/index.php(155): Zend_Controller_Front->dispatch()
 in /storage/web/www.nextforce.cz/www/gdpr/library/Phc/ErrorLog.php on line 101]	[/gdpr/admin/mails/postsave/id/1/?_=1519985032618]	[Mozilla/5.0 (Macintosh; Intel Mac OS X 10_13_3) AppleWebKit/537.36 (KHTML, like Gecko) Chrome/64.0.3282.186 Safari/537.36]	[Inbox v3.8 r4082]

2018-03-02T11:08:39+01:00	[WARN]	[[Ibulletin_Texts] Nebyla nalezena sada textu pro prefix "", identifikovany modul, controller, akce: "admin", "mails", "postsave".
exception 'Exception' in /storage/web/www.nextforce.cz/www/gdpr/library/Ibulletin/Texts.php:852
Stack trace:
#0 /storage/web/www.nextforce.cz/www/gdpr/admin/controllers/MailsController.php(219): Ibulletin_Texts::getSet()
#1 /storage/web/www.nextforce.cz/www/gdpr/admin/controllers/MailsController.php(1442): Admin_MailsController->updateRecord('mail', Array)
#2 /storage/web/www.nextforce.cz/www/gdpr/library/Ibulletin/Admin/BaseControllerAbstract.php(636): Admin_MailsController->postSaveActions()
#3 /storage/web/www.nextforce.cz/www/gdpr/library/Zend/Controller/Action.php(516): Ibulletin_Admin_BaseControllerAbstract->postsaveAction()
#4 /storage/web/www.nextforce.cz/www/gdpr/library/Zend/Controller/Dispatcher/Standard.php(295): Zend_Controller_Action->dispatch('postsaveAction')
#5 /storage/web/www.nextforce.cz/www/gdpr/library/Zend/Controller/Front.php(954): Zend_Controller_Dispatcher_Standard->dispatch(Object(Zend_Controller_Request_Http), Object(Zend_Controller_Response_Http))
#6 /storage/web/www.nextforce.cz/www/gdpr/index.php(155): Zend_Controller_Front->dispatch()
#7 {main}
PHP Stack trace:
#0 --(--): Phc_ErrorLog->_errorHandler()
#1 /storage/web/www.nextforce.cz/www/gdpr/library/Phc/ErrorLog.php(101): trigger_error()
#2 /storage/web/www.nextforce.cz/www/gdpr/library/Ibulletin/Texts.php(852): Phc_ErrorLog->warning()
#3 /storage/web/www.nextforce.cz/www/gdpr/admin/controllers/MailsController.php(219): Ibulletin_Texts->getSet()
#4 /storage/web/www.nextforce.cz/www/gdpr/admin/controllers/MailsController.php(1442): Admin_MailsController->updateRecord()
#5 /storage/web/www.nextforce.cz/www/gdpr/library/Ibulletin/Admin/BaseControllerAbstract.php(636): Admin_MailsController->postSaveActions()
#6 /storage/web/www.nextforce.cz/www/gdpr/library/Zend/Controller/Action.php(516): Ibulletin_Admin_BaseControllerAbstract->postsaveAction()
#7 /storage/web/www.nextforce.cz/www/gdpr/library/Zend/Controller/Dispatcher/Standard.php(295): Zend_Controller_Action->dispatch()
#8 /storage/web/www.nextforce.cz/www/gdpr/library/Zend/Controller/Front.php(954): Zend_Controller_Dispatcher_Standard->dispatch()
#9 /storage/web/www.nextforce.cz/www/gdpr/index.php(155): Zend_Controller_Front->dispatch()
 in /storage/web/www.nextforce.cz/www/gdpr/library/Phc/ErrorLog.php on line 101]	[/gdpr/admin/mails/postsave/id/1/?_=1519985032620]	[Mozilla/5.0 (Macintosh; Intel Mac OS X 10_13_3) AppleWebKit/537.36 (KHTML, like Gecko) Chrome/64.0.3282.186 Safari/537.36]	[Inbox v3.8 r4082]

2018-03-02T11:14:09+01:00	[WARN]	[[Ibulletin_Texts] Nebyla nalezena sada textu pro prefix "", identifikovany modul, controller, akce: "admin", "mails", "postsave".
exception 'Exception' in /storage/web/www.nextforce.cz/www/gdpr/library/Ibulletin/Texts.php:852
Stack trace:
#0 /storage/web/www.nextforce.cz/www/gdpr/admin/controllers/MailsController.php(219): Ibulletin_Texts::getSet()
#1 /storage/web/www.nextforce.cz/www/gdpr/admin/controllers/MailsController.php(1442): Admin_MailsController->updateRecord('mail', Array)
#2 /storage/web/www.nextforce.cz/www/gdpr/library/Ibulletin/Admin/BaseControllerAbstract.php(636): Admin_MailsController->postSaveActions()
#3 /storage/web/www.nextforce.cz/www/gdpr/library/Zend/Controller/Action.php(516): Ibulletin_Admin_BaseControllerAbstract->postsaveAction()
#4 /storage/web/www.nextforce.cz/www/gdpr/library/Zend/Controller/Dispatcher/Standard.php(295): Zend_Controller_Action->dispatch('postsaveAction')
#5 /storage/web/www.nextforce.cz/www/gdpr/library/Zend/Controller/Front.php(954): Zend_Controller_Dispatcher_Standard->dispatch(Object(Zend_Controller_Request_Http), Object(Zend_Controller_Response_Http))
#6 /storage/web/www.nextforce.cz/www/gdpr/index.php(155): Zend_Controller_Front->dispatch()
#7 {main}
PHP Stack trace:
#0 --(--): Phc_ErrorLog->_errorHandler()
#1 /storage/web/www.nextforce.cz/www/gdpr/library/Phc/ErrorLog.php(101): trigger_error()
#2 /storage/web/www.nextforce.cz/www/gdpr/library/Ibulletin/Texts.php(852): Phc_ErrorLog->warning()
#3 /storage/web/www.nextforce.cz/www/gdpr/admin/controllers/MailsController.php(219): Ibulletin_Texts->getSet()
#4 /storage/web/www.nextforce.cz/www/gdpr/admin/controllers/MailsController.php(1442): Admin_MailsController->updateRecord()
#5 /storage/web/www.nextforce.cz/www/gdpr/library/Ibulletin/Admin/BaseControllerAbstract.php(636): Admin_MailsController->postSaveActions()
#6 /storage/web/www.nextforce.cz/www/gdpr/library/Zend/Controller/Action.php(516): Ibulletin_Admin_BaseControllerAbstract->postsaveAction()
#7 /storage/web/www.nextforce.cz/www/gdpr/library/Zend/Controller/Dispatcher/Standard.php(295): Zend_Controller_Action->dispatch()
#8 /storage/web/www.nextforce.cz/www/gdpr/library/Zend/Controller/Front.php(954): Zend_Controller_Dispatcher_Standard->dispatch()
#9 /storage/web/www.nextforce.cz/www/gdpr/index.php(155): Zend_Controller_Front->dispatch()
 in /storage/web/www.nextforce.cz/www/gdpr/library/Phc/ErrorLog.php on line 101]	[/gdpr/admin/mails/postsave/id/1/?_=1519985325937]	[Mozilla/5.0 (Macintosh; Intel Mac OS X 10_13_3) AppleWebKit/537.36 (KHTML, like Gecko) Chrome/64.0.3282.186 Safari/537.36]	[Inbox v3.8 r4082]

2018-03-02T11:14:15+01:00	[WARN]	[[Ibulletin_Texts] Nebyla nalezena sada textu pro prefix "", identifikovany modul, controller, akce: "admin", "mails", "postsave".
exception 'Exception' in /storage/web/www.nextforce.cz/www/gdpr/library/Ibulletin/Texts.php:852
Stack trace:
#0 /storage/web/www.nextforce.cz/www/gdpr/admin/controllers/MailsController.php(219): Ibulletin_Texts::getSet()
#1 /storage/web/www.nextforce.cz/www/gdpr/admin/controllers/MailsController.php(1442): Admin_MailsController->updateRecord('mail', Array)
#2 /storage/web/www.nextforce.cz/www/gdpr/library/Ibulletin/Admin/BaseControllerAbstract.php(636): Admin_MailsController->postSaveActions()
#3 /storage/web/www.nextforce.cz/www/gdpr/library/Zend/Controller/Action.php(516): Ibulletin_Admin_BaseControllerAbstract->postsaveAction()
#4 /storage/web/www.nextforce.cz/www/gdpr/library/Zend/Controller/Dispatcher/Standard.php(295): Zend_Controller_Action->dispatch('postsaveAction')
#5 /storage/web/www.nextforce.cz/www/gdpr/library/Zend/Controller/Front.php(954): Zend_Controller_Dispatcher_Standard->dispatch(Object(Zend_Controller_Request_Http), Object(Zend_Controller_Response_Http))
#6 /storage/web/www.nextforce.cz/www/gdpr/index.php(155): Zend_Controller_Front->dispatch()
#7 {main}
PHP Stack trace:
#0 --(--): Phc_ErrorLog->_errorHandler()
#1 /storage/web/www.nextforce.cz/www/gdpr/library/Phc/ErrorLog.php(101): trigger_error()
#2 /storage/web/www.nextforce.cz/www/gdpr/library/Ibulletin/Texts.php(852): Phc_ErrorLog->warning()
#3 /storage/web/www.nextforce.cz/www/gdpr/admin/controllers/MailsController.php(219): Ibulletin_Texts->getSet()
#4 /storage/web/www.nextforce.cz/www/gdpr/admin/controllers/MailsController.php(1442): Admin_MailsController->updateRecord()
#5 /storage/web/www.nextforce.cz/www/gdpr/library/Ibulletin/Admin/BaseControllerAbstract.php(636): Admin_MailsController->postSaveActions()
#6 /storage/web/www.nextforce.cz/www/gdpr/library/Zend/Controller/Action.php(516): Ibulletin_Admin_BaseControllerAbstract->postsaveAction()
#7 /storage/web/www.nextforce.cz/www/gdpr/library/Zend/Controller/Dispatcher/Standard.php(295): Zend_Controller_Action->dispatch()
#8 /storage/web/www.nextforce.cz/www/gdpr/library/Zend/Controller/Front.php(954): Zend_Controller_Dispatcher_Standard->dispatch()
#9 /storage/web/www.nextforce.cz/www/gdpr/index.php(155): Zend_Controller_Front->dispatch()
 in /storage/web/www.nextforce.cz/www/gdpr/library/Phc/ErrorLog.php on line 101]	[/gdpr/admin/mails/postsave/id/1/?_=1519985325938]	[Mozilla/5.0 (Macintosh; Intel Mac OS X 10_13_3) AppleWebKit/537.36 (KHTML, like Gecko) Chrome/64.0.3282.186 Safari/537.36]	[Inbox v3.8 r4082]

2018-03-02T11:14:15+01:00	[WARN]	[[Ibulletin_Texts] Nebyla nalezena sada textu pro prefix "", identifikovany modul, controller, akce: "admin", "mails", "postsave".
exception 'Exception' in /storage/web/www.nextforce.cz/www/gdpr/library/Ibulletin/Texts.php:852
Stack trace:
#0 /storage/web/www.nextforce.cz/www/gdpr/admin/controllers/MailsController.php(219): Ibulletin_Texts::getSet()
#1 /storage/web/www.nextforce.cz/www/gdpr/admin/controllers/MailsController.php(1442): Admin_MailsController->updateRecord('mail', Array)
#2 /storage/web/www.nextforce.cz/www/gdpr/library/Ibulletin/Admin/BaseControllerAbstract.php(636): Admin_MailsController->postSaveActions()
#3 /storage/web/www.nextforce.cz/www/gdpr/library/Zend/Controller/Action.php(516): Ibulletin_Admin_BaseControllerAbstract->postsaveAction()
#4 /storage/web/www.nextforce.cz/www/gdpr/library/Zend/Controller/Dispatcher/Standard.php(295): Zend_Controller_Action->dispatch('postsaveAction')
#5 /storage/web/www.nextforce.cz/www/gdpr/library/Zend/Controller/Front.php(954): Zend_Controller_Dispatcher_Standard->dispatch(Object(Zend_Controller_Request_Http), Object(Zend_Controller_Response_Http))
#6 /storage/web/www.nextforce.cz/www/gdpr/index.php(155): Zend_Controller_Front->dispatch()
#7 {main}
PHP Stack trace:
#0 --(--): Phc_ErrorLog->_errorHandler()
#1 /storage/web/www.nextforce.cz/www/gdpr/library/Phc/ErrorLog.php(101): trigger_error()
#2 /storage/web/www.nextforce.cz/www/gdpr/library/Ibulletin/Texts.php(852): Phc_ErrorLog->warning()
#3 /storage/web/www.nextforce.cz/www/gdpr/admin/controllers/MailsController.php(219): Ibulletin_Texts->getSet()
#4 /storage/web/www.nextforce.cz/www/gdpr/admin/controllers/MailsController.php(1442): Admin_MailsController->updateRecord()
#5 /storage/web/www.nextforce.cz/www/gdpr/library/Ibulletin/Admin/BaseControllerAbstract.php(636): Admin_MailsController->postSaveActions()
#6 /storage/web/www.nextforce.cz/www/gdpr/library/Zend/Controller/Action.php(516): Ibulletin_Admin_BaseControllerAbstract->postsaveAction()
#7 /storage/web/www.nextforce.cz/www/gdpr/library/Zend/Controller/Dispatcher/Standard.php(295): Zend_Controller_Action->dispatch()
#8 /storage/web/www.nextforce.cz/www/gdpr/library/Zend/Controller/Front.php(954): Zend_Controller_Dispatcher_Standard->dispatch()
#9 /storage/web/www.nextforce.cz/www/gdpr/index.php(155): Zend_Controller_Front->dispatch()
 in /storage/web/www.nextforce.cz/www/gdpr/library/Phc/ErrorLog.php on line 101]	[/gdpr/admin/mails/postsave/id/1/?_=1519985325940]	[Mozilla/5.0 (Macintosh; Intel Mac OS X 10_13_3) AppleWebKit/537.36 (KHTML, like Gecko) Chrome/64.0.3282.186 Safari/537.36]	[Inbox v3.8 r4082]

2018-03-02T11:18:07+01:00	[WARN]	[[Ibulletin_Texts] Nebyla nalezena sada textu pro prefix "", identifikovany modul, controller, akce: "admin", "mails", "postsave".
exception 'Exception' in /storage/web/www.nextforce.cz/www/gdpr/library/Ibulletin/Texts.php:852
Stack trace:
#0 /storage/web/www.nextforce.cz/www/gdpr/admin/controllers/MailsController.php(219): Ibulletin_Texts::getSet()
#1 /storage/web/www.nextforce.cz/www/gdpr/admin/controllers/MailsController.php(1442): Admin_MailsController->updateRecord('mail', Array)
#2 /storage/web/www.nextforce.cz/www/gdpr/library/Ibulletin/Admin/BaseControllerAbstract.php(636): Admin_MailsController->postSaveActions()
#3 /storage/web/www.nextforce.cz/www/gdpr/library/Zend/Controller/Action.php(516): Ibulletin_Admin_BaseControllerAbstract->postsaveAction()
#4 /storage/web/www.nextforce.cz/www/gdpr/library/Zend/Controller/Dispatcher/Standard.php(295): Zend_Controller_Action->dispatch('postsaveAction')
#5 /storage/web/www.nextforce.cz/www/gdpr/library/Zend/Controller/Front.php(954): Zend_Controller_Dispatcher_Standard->dispatch(Object(Zend_Controller_Request_Http), Object(Zend_Controller_Response_Http))
#6 /storage/web/www.nextforce.cz/www/gdpr/index.php(155): Zend_Controller_Front->dispatch()
#7 {main}
PHP Stack trace:
#0 --(--): Phc_ErrorLog->_errorHandler()
#1 /storage/web/www.nextforce.cz/www/gdpr/library/Phc/ErrorLog.php(101): trigger_error()
#2 /storage/web/www.nextforce.cz/www/gdpr/library/Ibulletin/Texts.php(852): Phc_ErrorLog->warning()
#3 /storage/web/www.nextforce.cz/www/gdpr/admin/controllers/MailsController.php(219): Ibulletin_Texts->getSet()
#4 /storage/web/www.nextforce.cz/www/gdpr/admin/controllers/MailsController.php(1442): Admin_MailsController->updateRecord()
#5 /storage/web/www.nextforce.cz/www/gdpr/library/Ibulletin/Admin/BaseControllerAbstract.php(636): Admin_MailsController->postSaveActions()
#6 /storage/web/www.nextforce.cz/www/gdpr/library/Zend/Controller/Action.php(516): Ibulletin_Admin_BaseControllerAbstract->postsaveAction()
#7 /storage/web/www.nextforce.cz/www/gdpr/library/Zend/Controller/Dispatcher/Standard.php(295): Zend_Controller_Action->dispatch()
#8 /storage/web/www.nextforce.cz/www/gdpr/library/Zend/Controller/Front.php(954): Zend_Controller_Dispatcher_Standard->dispatch()
#9 /storage/web/www.nextforce.cz/www/gdpr/index.php(155): Zend_Controller_Front->dispatch()
 in /storage/web/www.nextforce.cz/www/gdpr/library/Phc/ErrorLog.php on line 101]	[/gdpr/admin/mails/postsave/id/1/?_=1519985882901]	[Mozilla/5.0 (Macintosh; Intel Mac OS X 10_13_3) AppleWebKit/537.36 (KHTML, like Gecko) Chrome/64.0.3282.186 Safari/537.36]	[Inbox v3.8 r4082]

2018-03-02T11:18:10+01:00	[WARN]	[[Ibulletin_Texts] Nebyla nalezena sada textu pro prefix "", identifikovany modul, controller, akce: "admin", "mails", "postsave".
exception 'Exception' in /storage/web/www.nextforce.cz/www/gdpr/library/Ibulletin/Texts.php:852
Stack trace:
#0 /storage/web/www.nextforce.cz/www/gdpr/admin/controllers/MailsController.php(219): Ibulletin_Texts::getSet()
#1 /storage/web/www.nextforce.cz/www/gdpr/admin/controllers/MailsController.php(1442): Admin_MailsController->updateRecord('mail', Array)
#2 /storage/web/www.nextforce.cz/www/gdpr/library/Ibulletin/Admin/BaseControllerAbstract.php(636): Admin_MailsController->postSaveActions()
#3 /storage/web/www.nextforce.cz/www/gdpr/library/Zend/Controller/Action.php(516): Ibulletin_Admin_BaseControllerAbstract->postsaveAction()
#4 /storage/web/www.nextforce.cz/www/gdpr/library/Zend/Controller/Dispatcher/Standard.php(295): Zend_Controller_Action->dispatch('postsaveAction')
#5 /storage/web/www.nextforce.cz/www/gdpr/library/Zend/Controller/Front.php(954): Zend_Controller_Dispatcher_Standard->dispatch(Object(Zend_Controller_Request_Http), Object(Zend_Controller_Response_Http))
#6 /storage/web/www.nextforce.cz/www/gdpr/index.php(155): Zend_Controller_Front->dispatch()
#7 {main}
PHP Stack trace:
#0 --(--): Phc_ErrorLog->_errorHandler()
#1 /storage/web/www.nextforce.cz/www/gdpr/library/Phc/ErrorLog.php(101): trigger_error()
#2 /storage/web/www.nextforce.cz/www/gdpr/library/Ibulletin/Texts.php(852): Phc_ErrorLog->warning()
#3 /storage/web/www.nextforce.cz/www/gdpr/admin/controllers/MailsController.php(219): Ibulletin_Texts->getSet()
#4 /storage/web/www.nextforce.cz/www/gdpr/admin/controllers/MailsController.php(1442): Admin_MailsController->updateRecord()
#5 /storage/web/www.nextforce.cz/www/gdpr/library/Ibulletin/Admin/BaseControllerAbstract.php(636): Admin_MailsController->postSaveActions()
#6 /storage/web/www.nextforce.cz/www/gdpr/library/Zend/Controller/Action.php(516): Ibulletin_Admin_BaseControllerAbstract->postsaveAction()
#7 /storage/web/www.nextforce.cz/www/gdpr/library/Zend/Controller/Dispatcher/Standard.php(295): Zend_Controller_Action->dispatch()
#8 /storage/web/www.nextforce.cz/www/gdpr/library/Zend/Controller/Front.php(954): Zend_Controller_Dispatcher_Standard->dispatch()
#9 /storage/web/www.nextforce.cz/www/gdpr/index.php(155): Zend_Controller_Front->dispatch()
 in /storage/web/www.nextforce.cz/www/gdpr/library/Phc/ErrorLog.php on line 101]	[/gdpr/admin/mails/postsave/id/1/?_=1519985882902]	[Mozilla/5.0 (Macintosh; Intel Mac OS X 10_13_3) AppleWebKit/537.36 (KHTML, like Gecko) Chrome/64.0.3282.186 Safari/537.36]	[Inbox v3.8 r4082]

2018-03-02T11:18:10+01:00	[WARN]	[[Ibulletin_Texts] Nebyla nalezena sada textu pro prefix "", identifikovany modul, controller, akce: "admin", "mails", "postsave".
exception 'Exception' in /storage/web/www.nextforce.cz/www/gdpr/library/Ibulletin/Texts.php:852
Stack trace:
#0 /storage/web/www.nextforce.cz/www/gdpr/admin/controllers/MailsController.php(219): Ibulletin_Texts::getSet()
#1 /storage/web/www.nextforce.cz/www/gdpr/admin/controllers/MailsController.php(1442): Admin_MailsController->updateRecord('mail', Array)
#2 /storage/web/www.nextforce.cz/www/gdpr/library/Ibulletin/Admin/BaseControllerAbstract.php(636): Admin_MailsController->postSaveActions()
#3 /storage/web/www.nextforce.cz/www/gdpr/library/Zend/Controller/Action.php(516): Ibulletin_Admin_BaseControllerAbstract->postsaveAction()
#4 /storage/web/www.nextforce.cz/www/gdpr/library/Zend/Controller/Dispatcher/Standard.php(295): Zend_Controller_Action->dispatch('postsaveAction')
#5 /storage/web/www.nextforce.cz/www/gdpr/library/Zend/Controller/Front.php(954): Zend_Controller_Dispatcher_Standard->dispatch(Object(Zend_Controller_Request_Http), Object(Zend_Controller_Response_Http))
#6 /storage/web/www.nextforce.cz/www/gdpr/index.php(155): Zend_Controller_Front->dispatch()
#7 {main}
PHP Stack trace:
#0 --(--): Phc_ErrorLog->_errorHandler()
#1 /storage/web/www.nextforce.cz/www/gdpr/library/Phc/ErrorLog.php(101): trigger_error()
#2 /storage/web/www.nextforce.cz/www/gdpr/library/Ibulletin/Texts.php(852): Phc_ErrorLog->warning()
#3 /storage/web/www.nextforce.cz/www/gdpr/admin/controllers/MailsController.php(219): Ibulletin_Texts->getSet()
#4 /storage/web/www.nextforce.cz/www/gdpr/admin/controllers/MailsController.php(1442): Admin_MailsController->updateRecord()
#5 /storage/web/www.nextforce.cz/www/gdpr/library/Ibulletin/Admin/BaseControllerAbstract.php(636): Admin_MailsController->postSaveActions()
#6 /storage/web/www.nextforce.cz/www/gdpr/library/Zend/Controller/Action.php(516): Ibulletin_Admin_BaseControllerAbstract->postsaveAction()
#7 /storage/web/www.nextforce.cz/www/gdpr/library/Zend/Controller/Dispatcher/Standard.php(295): Zend_Controller_Action->dispatch()
#8 /storage/web/www.nextforce.cz/www/gdpr/library/Zend/Controller/Front.php(954): Zend_Controller_Dispatcher_Standard->dispatch()
#9 /storage/web/www.nextforce.cz/www/gdpr/index.php(155): Zend_Controller_Front->dispatch()
 in /storage/web/www.nextforce.cz/www/gdpr/library/Phc/ErrorLog.php on line 101]	[/gdpr/admin/mails/postsave/id/1/?_=1519985882904]	[Mozilla/5.0 (Macintosh; Intel Mac OS X 10_13_3) AppleWebKit/537.36 (KHTML, like Gecko) Chrome/64.0.3282.186 Safari/537.36]	[Inbox v3.8 r4082]

