20.2.2018 0:47:22
Emailu uspesne odeslano: 1
Emailu neodeslano kvuli chybam: 0
-------------------------------------------------------------------------------

20.2.2018 2:03:56
Emailu uspesne odeslano: 1
Emailu neodeslano kvuli chybam: 0
-------------------------------------------------------------------------------

25.2.2018 23:57:42
Emailu uspesne odeslano: 1
Emailu neodeslano kvuli chybam: 0
-------------------------------------------------------------------------------

Feb 26, 2018 7:14:52 PM
Emailu uspesne odeslano: 5
Emailu neodeslano kvuli chybam: 0
-------------------------------------------------------------------------------

3.3.2018 1:01:24
Emailu uspesne odeslano: 1
Emailu neodeslano kvuli chybam: 0
-------------------------------------------------------------------------------

3.3.2018 2:00:17
Emailu uspesne odeslano: 1
Emailu neodeslano kvuli chybam: 0
-------------------------------------------------------------------------------

3.3.2018 2:11:16
Emailu uspesne odeslano: 1
Emailu neodeslano kvuli chybam: 0
-------------------------------------------------------------------------------

3.3.2018 2:11:59
Emailu uspesne odeslano: 1
Emailu neodeslano kvuli chybam: 0
-------------------------------------------------------------------------------

3.3.2018 9:52:05
Emailu uspesne odeslano: 1
Emailu neodeslano kvuli chybam: 0
-------------------------------------------------------------------------------

3.3.2018 9:55:05
Emailu uspesne odeslano: 0
Emailu neodeslano kvuli chybam: 1
ID neuspesnych emailu z users_emails:
15
-------------------------------------------------------------------------------

3.3.2018 9:56:53
Emailu uspesne odeslano: 0
Emailu neodeslano kvuli chybam: 1
ID neuspesnych emailu z users_emails:
16
-------------------------------------------------------------------------------

3.3.2018 9:58:24
Emailu uspesne odeslano: 1
Emailu neodeslano kvuli chybam: 0
-------------------------------------------------------------------------------

3.3.2018 20:02:17
Emailu uspesne odeslano: 0
Emailu neodeslano kvuli chybam: 1
ID neuspesnych emailu z users_emails:
18
-------------------------------------------------------------------------------

3.3.2018 20:08:24
Emailu uspesne odeslano: 0
Emailu neodeslano kvuli chybam: 1
ID neuspesnych emailu z users_emails:
19
-------------------------------------------------------------------------------

3.3.2018 20:09:24
Emailu uspesne odeslano: 0
Emailu neodeslano kvuli chybam: 1
ID neuspesnych emailu z users_emails:
20
-------------------------------------------------------------------------------

3.3.2018 20:16:00
Emailu uspesne odeslano: 1
Emailu neodeslano kvuli chybam: 0
-------------------------------------------------------------------------------

3.3.2018 20:18:20
Emailu uspesne odeslano: 0
Emailu neodeslano kvuli chybam: 1
ID neuspesnych emailu z users_emails:
22
-------------------------------------------------------------------------------

Mar 3, 2018 8:26:19 PM
Emailu uspesne odeslano: 0
Emailu neodeslano kvuli chybam: 1
ID neuspesnych emailu z users_emails:
23
-------------------------------------------------------------------------------

3.3.2018 21:04:30
Emailu uspesne odeslano: 1
Emailu neodeslano kvuli chybam: 0
-------------------------------------------------------------------------------

3.3.2018 23:31:03
Emailu uspesne odeslano: 1
Emailu neodeslano kvuli chybam: 0
-------------------------------------------------------------------------------

4.3.2018 21:40:28
Emailu uspesne odeslano: 1
Emailu neodeslano kvuli chybam: 0
-------------------------------------------------------------------------------

4.3.2018 21:40:37
Emailu uspesne odeslano: 1
Emailu neodeslano kvuli chybam: 0
-------------------------------------------------------------------------------

4.3.2018 21:59:38
Emailu uspesne odeslano: 1
Emailu neodeslano kvuli chybam: 0
-------------------------------------------------------------------------------

4.3.2018 22:00:31
Emailu uspesne odeslano: 1
Emailu neodeslano kvuli chybam: 0
-------------------------------------------------------------------------------

4.3.2018 22:00:45
Emailu uspesne odeslano: 1
Emailu neodeslano kvuli chybam: 0
-------------------------------------------------------------------------------

Mar 6, 2018 10:55:39 AM
Emailu uspesne odeslano: 285
Emailu neodeslano kvuli chybam: 0
-------------------------------------------------------------------------------

Mar 15, 2018 10:15:02 AM
SIMULOVANÁ ROZESÍLKA
Emailu uspesne odeslano: 257
Emailu neodeslano kvuli chybam: 0
-------------------------------------------------------------------------------

Mar 15, 2018 10:17:07 AM
Emailu uspesne odeslano: 257
Emailu neodeslano kvuli chybam: 0
-------------------------------------------------------------------------------

15.3.2018 13:01:53
Emailu uspesne odeslano: 1
Emailu neodeslano kvuli chybam: 0
-------------------------------------------------------------------------------

15.3.2018 13:02:46
Emailu uspesne odeslano: 1
Emailu neodeslano kvuli chybam: 0
-------------------------------------------------------------------------------

20.3.2018 14:54:30
Emailu uspesne odeslano: 1
Emailu neodeslano kvuli chybam: 0
-------------------------------------------------------------------------------

20.3.2018 14:54:30
Emailu uspesne odeslano: 1
Emailu neodeslano kvuli chybam: 0
-------------------------------------------------------------------------------

20.3.2018 14:54:31
Emailu uspesne odeslano: 1
Emailu neodeslano kvuli chybam: 0
-------------------------------------------------------------------------------

20.3.2018 14:54:31
Emailu uspesne odeslano: 1
Emailu neodeslano kvuli chybam: 0
-------------------------------------------------------------------------------

20.3.2018 14:54:41
Emailu uspesne odeslano: 1
Emailu neodeslano kvuli chybam: 0
-------------------------------------------------------------------------------

20.3.2018 14:54:41
Emailu uspesne odeslano: 1
Emailu neodeslano kvuli chybam: 0
-------------------------------------------------------------------------------

20.3.2018 14:54:41
Emailu uspesne odeslano: 1
Emailu neodeslano kvuli chybam: 0
-------------------------------------------------------------------------------

20.3.2018 14:54:41
Emailu uspesne odeslano: 1
Emailu neodeslano kvuli chybam: 0
-------------------------------------------------------------------------------

20.3.2018 14:54:50
Emailu uspesne odeslano: 1
Emailu neodeslano kvuli chybam: 0
-------------------------------------------------------------------------------

20.3.2018 14:54:50
Emailu uspesne odeslano: 1
Emailu neodeslano kvuli chybam: 0
-------------------------------------------------------------------------------

20.3.2018 14:54:51
Emailu uspesne odeslano: 1
Emailu neodeslano kvuli chybam: 0
-------------------------------------------------------------------------------

20.3.2018 14:54:51
Emailu uspesne odeslano: 1
Emailu neodeslano kvuli chybam: 0
-------------------------------------------------------------------------------

22.3.2018 10:36:35
Emailu uspesne odeslano: 1
Emailu neodeslano kvuli chybam: 0
-------------------------------------------------------------------------------

22.3.2018 10:36:36
Emailu uspesne odeslano: 1
Emailu neodeslano kvuli chybam: 0
-------------------------------------------------------------------------------

22.3.2018 10:36:36
Emailu uspesne odeslano: 1
Emailu neodeslano kvuli chybam: 0
-------------------------------------------------------------------------------

22.3.2018 10:36:36
Emailu uspesne odeslano: 1
Emailu neodeslano kvuli chybam: 0
-------------------------------------------------------------------------------

22.3.2018 10:36:58
Emailu uspesne odeslano: 1
Emailu neodeslano kvuli chybam: 0
-------------------------------------------------------------------------------

22.3.2018 10:36:58
Emailu uspesne odeslano: 1
Emailu neodeslano kvuli chybam: 0
-------------------------------------------------------------------------------

22.3.2018 10:36:58
Emailu uspesne odeslano: 1
Emailu neodeslano kvuli chybam: 0
-------------------------------------------------------------------------------

22.3.2018 10:36:58
Emailu uspesne odeslano: 1
Emailu neodeslano kvuli chybam: 0
-------------------------------------------------------------------------------

22.3.2018 10:37:18
Emailu uspesne odeslano: 1
Emailu neodeslano kvuli chybam: 0
-------------------------------------------------------------------------------

22.3.2018 10:37:18
Emailu uspesne odeslano: 1
Emailu neodeslano kvuli chybam: 0
-------------------------------------------------------------------------------

22.3.2018 10:37:18
Emailu uspesne odeslano: 1
Emailu neodeslano kvuli chybam: 0
-------------------------------------------------------------------------------

22.3.2018 10:37:18
Emailu uspesne odeslano: 1
Emailu neodeslano kvuli chybam: 0
-------------------------------------------------------------------------------

22.3.2018 11:51:47
Emailu uspesne odeslano: 1
Emailu neodeslano kvuli chybam: 0
-------------------------------------------------------------------------------

22.3.2018 11:51:47
Emailu uspesne odeslano: 1
Emailu neodeslano kvuli chybam: 0
-------------------------------------------------------------------------------

22.3.2018 11:51:47
Emailu uspesne odeslano: 1
Emailu neodeslano kvuli chybam: 0
-------------------------------------------------------------------------------

22.3.2018 11:51:47
Emailu uspesne odeslano: 1
Emailu neodeslano kvuli chybam: 0
-------------------------------------------------------------------------------

22.3.2018 11:57:38
Emailu uspesne odeslano: 1
Emailu neodeslano kvuli chybam: 0
-------------------------------------------------------------------------------

22.3.2018 11:57:38
Emailu uspesne odeslano: 1
Emailu neodeslano kvuli chybam: 0
-------------------------------------------------------------------------------

22.3.2018 11:57:38
Emailu uspesne odeslano: 1
Emailu neodeslano kvuli chybam: 0
-------------------------------------------------------------------------------

22.3.2018 11:57:38
Emailu uspesne odeslano: 1
Emailu neodeslano kvuli chybam: 0
-------------------------------------------------------------------------------

22.3.2018 12:05:16
Emailu uspesne odeslano: 1
Emailu neodeslano kvuli chybam: 0
-------------------------------------------------------------------------------

22.3.2018 12:05:45
Emailu uspesne odeslano: 1
Emailu neodeslano kvuli chybam: 0
-------------------------------------------------------------------------------

22.3.2018 12:05:45
Emailu uspesne odeslano: 1
Emailu neodeslano kvuli chybam: 0
-------------------------------------------------------------------------------

22.3.2018 12:05:45
Emailu uspesne odeslano: 1
Emailu neodeslano kvuli chybam: 0
-------------------------------------------------------------------------------

22.3.2018 12:05:45
Emailu uspesne odeslano: 1
Emailu neodeslano kvuli chybam: 0
-------------------------------------------------------------------------------

22.3.2018 12:09:21
Emailu uspesne odeslano: 1
Emailu neodeslano kvuli chybam: 0
-------------------------------------------------------------------------------

22.3.2018 12:10:30
Emailu uspesne odeslano: 1
Emailu neodeslano kvuli chybam: 0
-------------------------------------------------------------------------------

22.3.2018 12:10:59
Emailu uspesne odeslano: 1
Emailu neodeslano kvuli chybam: 0
-------------------------------------------------------------------------------

22.3.2018 12:33:14
Emailu uspesne odeslano: 1
Emailu neodeslano kvuli chybam: 0
-------------------------------------------------------------------------------

Mar 22, 2018 12:39:39 PM
Emailu uspesne odeslano: 271
Emailu neodeslano kvuli chybam: 0
-------------------------------------------------------------------------------

22.3.2018 13:20:23
Emailu uspesne odeslano: 1
Emailu neodeslano kvuli chybam: 0
-------------------------------------------------------------------------------

22.3.2018 13:21:10
Emailu uspesne odeslano: 1
Emailu neodeslano kvuli chybam: 0
-------------------------------------------------------------------------------

Mar 22, 2018 1:25:51 PM
Emailu uspesne odeslano: 1930
Emailu neodeslano kvuli chybam: 0
-------------------------------------------------------------------------------

Apr 12, 2018 11:34:41 AM
Emailu uspesne odeslano: 238
Emailu neodeslano kvuli chybam: 0
-------------------------------------------------------------------------------

May 14, 2018 2:00:56 PM
Emailu uspesne odeslano: 2187
Emailu neodeslano kvuli chybam: 0
-------------------------------------------------------------------------------

